Generation output:

C:\MagicXpa48\Projects\Itur\output\Itur>echo off 
copying files



C:\MagicXpa48\Projects\Itur\output\Itur>echo off 
generating components
[V-CLI] cmd.exe /c ng g @magic-xpa/cli:magic
[>]  ********************************* START    GENERATE *********************************
   Number of modules to be check for generate: 1
  [>]Handling Web Module named:   [Maintenance]   isLoadOnDemand:   [true]
         [>] add New Web Module    :[MagicRoutingModule] 
         [>]         from          :[./app.routes]
         [>]         To App Module :[.//src/app/magic/Maintenance/magic.gen.lib.module.ts]
[>]           ******    Start Web Module name : [Maintenance]    *******
*** Step 1: Loading JSON files ***
[>] Loading JSON file .//magic-metadata/Maintenance/IturHulCrud/IturHulCrud.json
*** Step 2: Processing JSON files -  (1 components) ***
[>] Processing JSON file for component IturHulCrud
*** Step 3: generate components. (1 components) ***
[>] generate component IturHulCrud
[>] Step 4: components-list.
[>]  ********************************* E N D    GENERATE *********************************
UPDATE src/app/magic/Maintenance/IturHulCrud/IturHulCrud.mg.controls.g.ts (894 bytes)
UPDATE angular.json (3741 bytes)



Generation warnings/errors:
Your global Angular CLI version (13.2.5) is greater than your local version (10.2.4). The local Angular CLI version is used.

To disable this warning use "ng config -g cli.warnings.versionMismatch false".
